<?xml version="1.0" encoding="UTF-8"?>
<testng-results skipped="0" failed="0" ignored="0" total="3" passed="3">
  <reporter-output>
  </reporter-output>
  <suite name="Default suite" duration-ms="57470" started-at="2022-06-24T17:04:11Z" finished-at="2022-06-24T17:05:09Z">
    <groups>
    </groups>
    <test name="Default test" duration-ms="57470" started-at="2022-06-24T17:04:11Z" finished-at="2022-06-24T17:05:09Z">
      <class name="com.buyproduct.BuyOnionTest">
        <test-method status="PASS" signature="configBC()[pri:0, instance:com.buyproduct.BuyOnionTest@77cd7a0]" name="configBC" is-config="true" duration-ms="2968" started-at="2022-06-24T17:04:11Z" finished-at="2022-06-24T17:04:14Z">
          <reporter-output>
          </reporter-output>
        </test-method> <!-- configBC -->
        <test-method status="PASS" signature="testBigBasket()[pri:1, instance:com.buyproduct.BuyOnionTest@77cd7a0]" name="testBigBasket" duration-ms="19713" started-at="2022-06-24T17:04:14Z" finished-at="2022-06-24T17:04:34Z">
          <reporter-output>
          </reporter-output>
        </test-method> <!-- testBigBasket -->
        <test-method status="PASS" signature="testAmazon()[pri:2, instance:com.buyproduct.BuyOnionTest@77cd7a0]" name="testAmazon" duration-ms="20540" started-at="2022-06-24T17:04:34Z" finished-at="2022-06-24T17:04:54Z">
          <reporter-output>
          </reporter-output>
        </test-method> <!-- testAmazon -->
        <test-method status="PASS" signature="testFlipkart()[pri:3, instance:com.buyproduct.BuyOnionTest@77cd7a0]" name="testFlipkart" duration-ms="14191" started-at="2022-06-24T17:04:54Z" finished-at="2022-06-24T17:05:09Z">
          <reporter-output>
          </reporter-output>
        </test-method> <!-- testFlipkart -->
        <test-method status="PASS" signature="configAC()[pri:0, instance:com.buyproduct.BuyOnionTest@77cd7a0]" name="configAC" is-config="true" duration-ms="0" started-at="2022-06-24T17:05:09Z" finished-at="2022-06-24T17:05:09Z">
          <reporter-output>
          </reporter-output>
        </test-method> <!-- configAC -->
      </class> <!-- com.buyproduct.BuyOnionTest -->
    </test> <!-- Default test -->
  </suite> <!-- Default suite -->
</testng-results>
